[ 2017-06-01T07:37:20+08:00 ] ::1 /w3cschool/25/index.php/home/index
INFO: [ app_init ] --START--
INFO: Run Behavior\BuildLiteBehavior [ RunTime:0.000000s ]
INFO: [ app_init ] --END-- [ RunTime:0.001000s ]
INFO: [ app_begin ] --START--
INFO: Run Behavior\ReadHtmlCacheBehavior [ RunTime:0.002001s ]
INFO: [ app_begin ] --END-- [ RunTime:0.002001s ]
SQL: SHOW COLUMNS FROM `a_middletype` [ RunTime:0.0320s ]
SQL: SELECT * FROM `a_middletype` WHERE ( highid=1 )  [ RunTime:0.0010s ]
SQL: SELECT * FROM `a_middletype`  [ RunTime:0.0010s ]
SQL: SHOW COLUMNS FROM `a_common` [ RunTime:0.0100s ]
SQL: SELECT * FROM `a_common` WHERE ( middleid=1 ) LIMIT 0,7   [ RunTime:0.0000s ]
SQL: SELECT * FROM `a_common` WHERE ( middleid=2 ) LIMIT 0,7   [ RunTime:0.0010s ]
SQL: SELECT * FROM `a_common` WHERE ( middleid=3 ) LIMIT 0,7   [ RunTime:0.0010s ]
SQL: SELECT * FROM `a_common` WHERE ( middleid=4 ) LIMIT 0,7   [ RunTime:0.0010s ]
SQL: SELECT * FROM `a_common` WHERE ( middleid=5 ) LIMIT 0,7   [ RunTime:0.0000s ]
NOTIC: [8] Undefined offset: 5 D:\project\sites\w3cschool\25\Application\Home\Controller\IndexController.class.php 第 19 行.
ERR: 1064:You have an error in your SQL syntax; check the manual that corresponds to your MySQL server version for the right syntax to use near ') LIMIT 0,7' at line 1
 [ SQL语句 ] : SELECT * FROM `a_common` WHERE ( middleid= ) LIMIT 0,7  
ERR: 1064:You have an error in your SQL syntax; check the manual that corresponds to your MySQL server version for the right syntax to use near ') LIMIT 0,7' at line 1
 [ SQL语句 ] : SELECT * FROM `a_common` WHERE ( middleid= ) LIMIT 0,7  

[ 2017-06-01T07:38:37+08:00 ] ::1 /w3cschool/25/index.php/home/index
INFO: [ app_init ] --START--
INFO: Run Behavior\BuildLiteBehavior [ RunTime:0.000000s ]
INFO: [ app_init ] --END-- [ RunTime:0.001000s ]
INFO: [ app_begin ] --START--
INFO: Run Behavior\ReadHtmlCacheBehavior [ RunTime:0.001000s ]
INFO: [ app_begin ] --END-- [ RunTime:0.001000s ]
SQL: SHOW COLUMNS FROM `a_middletype` [ RunTime:0.0100s ]
SQL: SELECT * FROM `a_middletype` WHERE ( highid=1 )  [ RunTime:0.0010s ]
SQL: SELECT * FROM `a_middletype`  [ RunTime:0.0010s ]
SQL: SHOW COLUMNS FROM `a_common` [ RunTime:0.0110s ]
SQL: SELECT * FROM `a_common` WHERE ( middleid=1 ) LIMIT 0,7   [ RunTime:0.0010s ]
SQL: SELECT * FROM `a_common` WHERE ( middleid=1 ) LIMIT 0,7   [ RunTime:0.0010s ]
SQL: SELECT * FROM `a_common` WHERE ( middleid=1 ) LIMIT 0,7   [ RunTime:0.0010s ]
SQL: SELECT * FROM `a_common` WHERE ( middleid=1 ) LIMIT 0,7   [ RunTime:0.0010s ]
SQL: SELECT * FROM `a_common` WHERE ( middleid=1 ) LIMIT 0,7   [ RunTime:0.0010s ]
NOTIC: [8] Undefined offset: 5 D:\project\sites\w3cschool\25\Application\Home\Controller\IndexController.class.php 第 19 行.
SQL: SELECT * FROM `a_common` WHERE ( middleid=1 ) LIMIT 0,7   [ RunTime:0.0010s ]
SQL: SELECT * FROM `a_common`  [ RunTime:0.0010s ]
SQL: SELECT * FROM `a_common` WHERE ( highid=5 )  [ RunTime:0.0010s ]
INFO: [ view_parse ] --START--
INFO: [ template_filter ] --START--
INFO: Run Behavior\ContentReplaceBehavior [ RunTime:0.000000s ]
INFO: [ template_filter ] --END-- [ RunTime:0.000000s ]
INFO: Run Behavior\ParseTemplateBehavior [ RunTime:0.059003s ]
INFO: [ view_parse ] --END-- [ RunTime:0.059003s ]
INFO: [ view_filter ] --START--
INFO: Run Behavior\WriteHtmlCacheBehavior [ RunTime:0.001000s ]
INFO: [ view_filter ] --END-- [ RunTime:0.001000s ]
INFO: [ app_end ] --START--
INFO: Run Behavior\ShowPageTraceBehavior [ RunTime:0.004001s ]
INFO: [ app_end ] --END-- [ RunTime:0.004001s ]

[ 2017-06-01T07:40:04+08:00 ] ::1 /w3cschool/25/index.php/home/index
INFO: [ app_init ] --START--
INFO: Run Behavior\BuildLiteBehavior [ RunTime:0.000000s ]
INFO: [ app_init ] --END-- [ RunTime:0.001000s ]
INFO: [ app_begin ] --START--
INFO: Run Behavior\ReadHtmlCacheBehavior [ RunTime:0.001000s ]
INFO: [ app_begin ] --END-- [ RunTime:0.001000s ]
SQL: SHOW COLUMNS FROM `a_middletype` [ RunTime:0.0110s ]
SQL: SELECT * FROM `a_middletype` WHERE ( highid=1 )  [ RunTime:0.0000s ]
SQL: SELECT * FROM `a_middletype`  [ RunTime:0.0010s ]
SQL: SHOW COLUMNS FROM `a_common` [ RunTime:0.0110s ]
SQL: SELECT * FROM `a_common` WHERE ( middleid=1 ) LIMIT 0,7   [ RunTime:0.0010s ]
SQL: SELECT * FROM `a_common` WHERE ( middleid=1 ) LIMIT 0,7   [ RunTime:0.0010s ]
SQL: SELECT * FROM `a_common` WHERE ( middleid=1 ) LIMIT 0,7   [ RunTime:0.0010s ]
SQL: SELECT * FROM `a_common` WHERE ( middleid=1 ) LIMIT 0,7   [ RunTime:0.0010s ]
SQL: SELECT * FROM `a_common` WHERE ( middleid=1 ) LIMIT 0,7   [ RunTime:0.0010s ]
NOTIC: [8] Undefined offset: 5 D:\project\sites\w3cschool\25\Application\Home\Controller\IndexController.class.php 第 19 行.
SQL: SELECT * FROM `a_common` WHERE ( middleid=1 ) LIMIT 0,7   [ RunTime:0.0010s ]
SQL: SELECT * FROM `a_common`  [ RunTime:0.0010s ]
SQL: SELECT * FROM `a_common` WHERE ( highid=5 )  [ RunTime:0.0020s ]
INFO: [ view_parse ] --START--
INFO: [ template_filter ] --START--
INFO: Run Behavior\ContentReplaceBehavior [ RunTime:0.001000s ]
INFO: [ template_filter ] --END-- [ RunTime:0.001000s ]
INFO: Run Behavior\ParseTemplateBehavior [ RunTime:0.029002s ]
INFO: [ view_parse ] --END-- [ RunTime:0.029002s ]
INFO: [ view_filter ] --START--
INFO: Run Behavior\WriteHtmlCacheBehavior [ RunTime:0.001000s ]
INFO: [ view_filter ] --END-- [ RunTime:0.001000s ]
INFO: [ app_end ] --START--
INFO: Run Behavior\ShowPageTraceBehavior [ RunTime:0.001000s ]
INFO: [ app_end ] --END-- [ RunTime:0.002000s ]

[ 2017-06-01T07:58:29+08:00 ] ::1 /w3cschool/25/index.php/home/index
INFO: [ app_init ] --START--
INFO: Run Behavior\BuildLiteBehavior [ RunTime:0.000000s ]
INFO: [ app_init ] --END-- [ RunTime:0.001000s ]
INFO: [ app_begin ] --START--
INFO: Run Behavior\ReadHtmlCacheBehavior [ RunTime:0.002000s ]
INFO: [ app_begin ] --END-- [ RunTime:0.002000s ]
SQL: SHOW COLUMNS FROM `a_middletype` [ RunTime:0.0110s ]
SQL: SELECT * FROM `a_middletype` WHERE ( hightid=1 )  [ RunTime:0.0010s ]
SQL: SELECT * FROM `a_middletype`  [ RunTime:0.0010s ]
SQL: SHOW COLUMNS FROM `a_common` [ RunTime:0.0110s ]
SQL: SELECT * FROM `a_common` WHERE ( middleid=1 ) LIMIT 0,7   [ RunTime:0.0010s ]
SQL: SELECT * FROM `a_common` WHERE ( middleid=1 ) LIMIT 0,7   [ RunTime:0.0010s ]
SQL: SELECT * FROM `a_common` WHERE ( middleid=1 ) LIMIT 0,7   [ RunTime:0.0010s ]
SQL: SELECT * FROM `a_common` WHERE ( middleid=1 ) LIMIT 0,7   [ RunTime:0.0010s ]
SQL: SELECT * FROM `a_common` WHERE ( middleid=1 ) LIMIT 0,7   [ RunTime:0.0010s ]
SQL: SELECT * FROM `a_common` WHERE ( middleid=1 ) LIMIT 0,7   [ RunTime:0.0010s ]
NOTIC: [8] Undefined offset: 6 D:\project\sites\w3cschool\25\Application\Home\Controller\IndexController.class.php 第 19 行.
SQL: SELECT * FROM `a_common` WHERE ( middleid=1 ) LIMIT 0,7   [ RunTime:0.0010s ]
SQL: SELECT * FROM `a_common`  [ RunTime:0.0010s ]
SQL: SELECT * FROM `a_common` WHERE ( hightid=5 )  [ RunTime:0.0000s ]
INFO: [ view_parse ] --START--
INFO: [ template_filter ] --START--
INFO: Run Behavior\ContentReplaceBehavior [ RunTime:0.000000s ]
INFO: [ template_filter ] --END-- [ RunTime:0.000000s ]
INFO: Run Behavior\ParseTemplateBehavior [ RunTime:0.034002s ]
INFO: [ view_parse ] --END-- [ RunTime:0.034002s ]
INFO: [ view_filter ] --START--
INFO: Run Behavior\WriteHtmlCacheBehavior [ RunTime:0.001000s ]
INFO: [ view_filter ] --END-- [ RunTime:0.001000s ]
INFO: [ app_end ] --START--
INFO: Run Behavior\ShowPageTraceBehavior [ RunTime:0.004000s ]
INFO: [ app_end ] --END-- [ RunTime:0.004000s ]

[ 2017-06-01T08:04:10+08:00 ] ::1 /w3cschool/25/index.php/home/index
INFO: [ app_init ] --START--
INFO: Run Behavior\BuildLiteBehavior [ RunTime:0.000000s ]
INFO: [ app_init ] --END-- [ RunTime:0.001000s ]
INFO: [ app_begin ] --START--
INFO: Run Behavior\ReadHtmlCacheBehavior [ RunTime:0.001000s ]
INFO: [ app_begin ] --END-- [ RunTime:0.001000s ]
SQL: SHOW COLUMNS FROM `a_middletype` [ RunTime:0.0110s ]
SQL: SELECT * FROM `a_middletype` WHERE ( hightid=1 )  [ RunTime:0.0010s ]
SQL: SELECT * FROM `a_middletype`  [ RunTime:0.0010s ]
SQL: SHOW COLUMNS FROM `a_common` [ RunTime:0.0100s ]
SQL: SELECT * FROM `a_common` WHERE ( middleid=1 )  [ RunTime:0.0010s ]
SQL: SELECT * FROM `a_common` WHERE ( middleid=1 )  [ RunTime:0.0010s ]
SQL: SELECT * FROM `a_common` WHERE ( middleid=1 )  [ RunTime:0.0010s ]
SQL: SELECT * FROM `a_common` WHERE ( middleid=1 )  [ RunTime:0.0010s ]
SQL: SELECT * FROM `a_common` WHERE ( middleid=1 )  [ RunTime:0.0010s ]
SQL: SELECT * FROM `a_common` WHERE ( middleid=1 )  [ RunTime:0.0010s ]
NOTIC: [8] Undefined offset: 6 D:\project\sites\w3cschool\25\Application\Home\Controller\IndexController.class.php 第 19 行.
SQL: SELECT * FROM `a_common` WHERE ( middleid=1 )  [ RunTime:0.0010s ]
SQL: SELECT * FROM `a_common`  [ RunTime:0.0010s ]
SQL: SELECT * FROM `a_common` WHERE ( hightid=5 )  [ RunTime:0.0020s ]
INFO: [ view_parse ] --START--
INFO: [ template_filter ] --START--
INFO: Run Behavior\ContentReplaceBehavior [ RunTime:0.000000s ]
INFO: [ template_filter ] --END-- [ RunTime:0.000000s ]
INFO: Run Behavior\ParseTemplateBehavior [ RunTime:0.030002s ]
INFO: [ view_parse ] --END-- [ RunTime:0.031002s ]
INFO: [ view_filter ] --START--
INFO: Run Behavior\WriteHtmlCacheBehavior [ RunTime:0.001000s ]
INFO: [ view_filter ] --END-- [ RunTime:0.001000s ]
INFO: [ app_end ] --START--
INFO: Run Behavior\ShowPageTraceBehavior [ RunTime:0.005000s ]
INFO: [ app_end ] --END-- [ RunTime:0.006001s ]

[ 2017-06-01T08:27:35+08:00 ] ::1 /w3cschool/25/index.php/home/index
INFO: [ app_init ] --START--
INFO: Run Behavior\BuildLiteBehavior [ RunTime:0.000000s ]
INFO: [ app_init ] --END-- [ RunTime:0.001000s ]
INFO: [ app_begin ] --START--
INFO: Run Behavior\ReadHtmlCacheBehavior [ RunTime:0.001000s ]
INFO: [ app_begin ] --END-- [ RunTime:0.001000s ]
SQL: SHOW COLUMNS FROM `a_middletype` [ RunTime:0.0110s ]
SQL: SELECT * FROM `a_middletype` WHERE ( hightid=1 )  [ RunTime:0.0010s ]
SQL: SELECT * FROM `a_middletype`  [ RunTime:0.0010s ]
SQL: SHOW COLUMNS FROM `a_common` [ RunTime:0.0120s ]
SQL: SELECT * FROM `a_common` WHERE ( middleid=1 )  [ RunTime:0.0010s ]
SQL: SELECT * FROM `a_common` WHERE ( middleid=1 )  [ RunTime:0.0010s ]
SQL: SELECT * FROM `a_common` WHERE ( middleid=1 )  [ RunTime:0.0010s ]
SQL: SELECT * FROM `a_common` WHERE ( middleid=1 )  [ RunTime:0.0010s ]
SQL: SELECT * FROM `a_common` WHERE ( middleid=1 )  [ RunTime:0.0010s ]
NOTIC: [8] Undefined offset: 5 D:\project\sites\w3cschool\25\Application\Home\Controller\IndexController.class.php 第 19 行.
SQL: SELECT * FROM `a_common` WHERE ( middleid=1 )  [ RunTime:0.0010s ]
SQL: SELECT * FROM `a_common`  [ RunTime:0.0010s ]
SQL: SELECT * FROM `a_common` WHERE ( hightid=5 )  [ RunTime:0.0010s ]
INFO: [ view_parse ] --START--
INFO: [ template_filter ] --START--
INFO: Run Behavior\ContentReplaceBehavior [ RunTime:0.000000s ]
INFO: [ template_filter ] --END-- [ RunTime:0.000000s ]
INFO: Run Behavior\ParseTemplateBehavior [ RunTime:0.028002s ]
INFO: [ view_parse ] --END-- [ RunTime:0.028002s ]
INFO: [ view_filter ] --START--
INFO: Run Behavior\WriteHtmlCacheBehavior [ RunTime:0.000000s ]
INFO: [ view_filter ] --END-- [ RunTime:0.001000s ]
INFO: [ app_end ] --START--
INFO: Run Behavior\ShowPageTraceBehavior [ RunTime:0.001000s ]
INFO: [ app_end ] --END-- [ RunTime:0.002000s ]

[ 2017-06-01T08:28:04+08:00 ] ::1 /w3cschool/25/index.php/home/index
INFO: [ app_init ] --START--
INFO: Run Behavior\BuildLiteBehavior [ RunTime:0.000000s ]
INFO: [ app_init ] --END-- [ RunTime:0.001000s ]
INFO: [ app_begin ] --START--
INFO: Run Behavior\ReadHtmlCacheBehavior [ RunTime:0.001001s ]
INFO: [ app_begin ] --END-- [ RunTime:0.001001s ]
SQL: SHOW COLUMNS FROM `a_middletype` [ RunTime:0.0110s ]
SQL: SELECT * FROM `a_middletype` WHERE ( hightid=1 )  [ RunTime:0.0010s ]
SQL: SELECT * FROM `a_middletype`  [ RunTime:0.0010s ]
SQL: SHOW COLUMNS FROM `a_common` [ RunTime:0.0110s ]
SQL: SELECT * FROM `a_common` WHERE ( middleid=1 )  [ RunTime:0.0010s ]
SQL: SELECT * FROM `a_common` WHERE ( middleid=1 )  [ RunTime:0.0010s ]
SQL: SELECT * FROM `a_common` WHERE ( middleid=1 )  [ RunTime:0.0010s ]
SQL: SELECT * FROM `a_common` WHERE ( middleid=1 )  [ RunTime:0.0010s ]
SQL: SELECT * FROM `a_common` WHERE ( middleid=1 )  [ RunTime:0.0010s ]
SQL: SELECT * FROM `a_common` WHERE ( middleid=1 )  [ RunTime:0.0010s ]
NOTIC: [8] Undefined offset: 6 D:\project\sites\w3cschool\25\Application\Home\Controller\IndexController.class.php 第 19 行.
SQL: SELECT * FROM `a_common` WHERE ( middleid=1 )  [ RunTime:0.0020s ]
SQL: SELECT * FROM `a_common`  [ RunTime:0.0010s ]
SQL: SELECT * FROM `a_common` WHERE ( hightid=5 )  [ RunTime:0.0020s ]
INFO: [ view_parse ] --START--
INFO: [ template_filter ] --START--
INFO: Run Behavior\ContentReplaceBehavior [ RunTime:0.000000s ]
INFO: [ template_filter ] --END-- [ RunTime:0.000000s ]
INFO: Run Behavior\ParseTemplateBehavior [ RunTime:0.027001s ]
INFO: [ view_parse ] --END-- [ RunTime:0.027001s ]
INFO: [ view_filter ] --START--
INFO: Run Behavior\WriteHtmlCacheBehavior [ RunTime:0.000000s ]
INFO: [ view_filter ] --END-- [ RunTime:0.000000s ]
INFO: [ app_end ] --START--
INFO: Run Behavior\ShowPageTraceBehavior [ RunTime:0.002000s ]
INFO: [ app_end ] --END-- [ RunTime:0.002000s ]

